<?xml version="1.0" encoding="UTF-8"?>
<!-- Generated by org.testng.reporters.JUnitReportReporter -->
<testsuite hostname="PritiB" failures="0" tests="2" name="tests.TestsExample" time="6.586" errors="0" timestamp="2023-06-30T12:28:53 IST" skipped="0">
  <testcase classname="tests.TestsExample" name="test_1" time="4.461"/>
  <testcase classname="tests.TestsExample" name="test_2" time="2.125"/>
</testsuite> <!-- tests.TestsExample -->
