<?xml version="1.0" encoding="UTF-8"?>
<!-- Generated by org.testng.reporters.JUnitReportReporter -->
<testsuite hostname="PritiB" failures="0" tests="4" name="api.test.UserTest" time="15.054" errors="0" timestamp="2024-05-04T11:40:07 IST" skipped="0">
  <testcase classname="api.test.UserTest" name="testPostUser" time="5.600"/>
  <testcase classname="api.test.UserTest" name="testGetUserByName" time="2.419"/>
  <testcase classname="api.test.UserTest" name="testUpdateUserByName" time="5.071"/>
  <testcase classname="api.test.UserTest" name="testDeleteUserName" time="1.964"/>
</testsuite> <!-- api.test.UserTest -->
