<?xml version="1.0" encoding="UTF-8"?>
<!-- Generated by org.testng.reporters.JUnitReportReporter -->
<testsuite hostname="PritiB" failures="0" tests="1" name="api.test.UserTest" time="5.888" errors="0" timestamp="2024-05-03T16:54:57 IST" skipped="0">
  <testcase classname="api.test.UserTest" name="testPostUser" time="5.888"/>
</testsuite> <!-- api.test.UserTest -->
