<?xml version="1.0" encoding="UTF-8"?>
<!-- Generated by org.testng.reporters.JUnitReportReporter -->
<testsuite hostname="PritiB" failures="0" tests="4" name="tPostExamplesests.GetAndPostExamples" time="5.992" errors="0" timestamp="2023-06-30T14:17:32 IST" skipped="0">
  <testcase classname="tPostExamplesests.GetAndPostExamples" name="testPut" time="0.625"/>
  <testcase classname="tPostExamplesests.GetAndPostExamples" name="testDelete" time="3.187"/>
  <testcase classname="tPostExamplesests.GetAndPostExamples" name="testPatch" time="0.809"/>
  <testcase classname="tPostExamplesests.GetAndPostExamples" name="testGet" time="1.371"/>
</testsuite> <!-- tPostExamplesests.GetAndPostExamples -->
